[debug] [2021-03-20T01:21:18.317Z] ----------------------------------------------------------------------
[debug] [2021-03-20T01:21:18.319Z] Command:       /usr/local/bin/node /usr/local/bin/firebase emulators:start
[debug] [2021-03-20T01:21:18.319Z] CLI Version:   9.6.1
[debug] [2021-03-20T01:21:18.319Z] Platform:      darwin
[debug] [2021-03-20T01:21:18.319Z] Node Version:  v14.16.0
[debug] [2021-03-20T01:21:18.320Z] Time:          Fri Mar 19 2021 20:21:18 GMT-0500 (Central Daylight Time)
[debug] [2021-03-20T01:21:18.320Z] ----------------------------------------------------------------------
[debug] [2021-03-20T01:21:18.320Z] 
[debug] [2021-03-20T01:21:18.327Z] > command requires scopes: ["email","openid","https://www.googleapis.com/auth/cloudplatformprojects.readonly","https://www.googleapis.com/auth/firebase","https://www.googleapis.com/auth/cloud-platform"]
[debug] [2021-03-20T01:21:18.327Z] > authorizing via signed-in user
[info] i  emulators: Starting emulators: auth, functions, firestore, database, hosting {"metadata":{"emulator":{"name":"hub"},"message":"Starting emulators: auth, functions, firestore, database, hosting"}}
[debug] [2021-03-20T01:21:18.340Z] [hub] writing locator at /var/folders/dx/mf8bbwr930s_ypf2lk6b_mkc0000gn/T/hub-memer-dev.json
[warn] ⚠  functions: The following emulators are not running, calls to these services from the Functions emulator will affect production: pubsub {"metadata":{"emulator":{"name":"functions"},"message":"The following emulators are not running, calls to these services from the Functions emulator will affect production: \u001b[1mpubsub\u001b[22m"}}
[warn] ⚠  Your requested "node" version "12" doesn't match your global version "14" {"metadata":{"emulator":{"name":"functions"},"message":"Your requested \"node\" version \"12\" doesn't match your global version \"14\""}}
[debug] [2021-03-20T01:21:18.354Z] defaultcredentials: writing to file /Users/adamsheaffer/.config/firebase/adam_e.sheaffer_gmail.com_application_default_credentials.json
[debug] [2021-03-20T01:21:18.361Z] Setting GAC to /Users/adamsheaffer/.config/firebase/adam_e.sheaffer_gmail.com_application_default_credentials.json {"metadata":{"emulator":{"name":"functions"},"message":"Setting GAC to /Users/adamsheaffer/.config/firebase/adam_e.sheaffer_gmail.com_application_default_credentials.json"}}
[debug] [2021-03-20T01:21:18.362Z] >>> [apiv2][query] GET https://firebase.googleapis.com/v1beta1/projects/memer-dev/adminSdkConfig [none]
[debug] [2021-03-20T01:21:18.664Z] <<< [apiv2][status] GET https://firebase.googleapis.com/v1beta1/projects/memer-dev/adminSdkConfig 200
[debug] [2021-03-20T01:21:18.664Z] <<< [apiv2][body] GET https://firebase.googleapis.com/v1beta1/projects/memer-dev/adminSdkConfig {"projectId":"memer-dev","databaseURL":"https://memer-dev.firebaseio.com","storageBucket":"memer-dev.appspot.com","locationId":"us-central"}
[debug] [2021-03-20T01:21:18.958Z] Ignoring unsupported arg: projectId {"metadata":{"emulator":{"name":"firestore"},"message":"Ignoring unsupported arg: projectId"}}
[debug] [2021-03-20T01:21:18.958Z] Ignoring unsupported arg: auto_download {"metadata":{"emulator":{"name":"firestore"},"message":"Ignoring unsupported arg: auto_download"}}
[debug] [2021-03-20T01:21:18.958Z] Starting Firestore Emulator with command {"binary":"java","args":["-Dgoogle.cloud_firestore.debug_log_level=FINE","-Duser.language=en","-jar","/Users/adamsheaffer/.cache/firebase/emulators/cloud-firestore-emulator-v1.11.12.jar","--host","localhost","--port",8000,"--rules","/Users/adamsheaffer/Documents/Github/Memer-2/firestore.rules","--functions_emulator","localhost:5001"],"optionalArgs":["port","webchannel_port","host","rules","functions_emulator","seed_from_export"],"joinArgs":false} {"metadata":{"emulator":{"name":"firestore"},"message":"Starting Firestore Emulator with command {\"binary\":\"java\",\"args\":[\"-Dgoogle.cloud_firestore.debug_log_level=FINE\",\"-Duser.language=en\",\"-jar\",\"/Users/adamsheaffer/.cache/firebase/emulators/cloud-firestore-emulator-v1.11.12.jar\",\"--host\",\"localhost\",\"--port\",8000,\"--rules\",\"/Users/adamsheaffer/Documents/Github/Memer-2/firestore.rules\",\"--functions_emulator\",\"localhost:5001\"],\"optionalArgs\":[\"port\",\"webchannel_port\",\"host\",\"rules\",\"functions_emulator\",\"seed_from_export\"],\"joinArgs\":false}"}}
[info] i  firestore: Firestore Emulator logging to firestore-debug.log {"metadata":{"emulator":{"name":"firestore"},"message":"Firestore Emulator logging to \u001b[1mfirestore-debug.log\u001b[22m"}}
[debug] [2021-03-20T01:21:20.041Z] API endpoint: http://localhost:8000 {"metadata":{"emulator":{"name":"firestore"},"message":"API endpoint: http://localhost:8000"}}
[debug] [2021-03-20T01:21:20.041Z] 
If you are using a library that supports the FIRESTORE_EMULATOR_HOST environment variable, run:

   export FIRESTORE_EMULATOR_HOST=localhost:8000

Dev App Server is now running.

 {"metadata":{"emulator":{"name":"firestore"},"message":"\nIf you are using a library that supports the FIRESTORE_EMULATOR_HOST environment variable, run:\n\n   export FIRESTORE_EMULATOR_HOST=localhost:8000\n\nDev App Server is now running.\n\n"}}
[debug] [2021-03-20T01:21:20.248Z] >>> [apiv2][query] GET https://firebase.googleapis.com/v1beta1/projects/memer-dev [none]
[debug] [2021-03-20T01:21:20.438Z] <<< [apiv2][status] GET https://firebase.googleapis.com/v1beta1/projects/memer-dev 200
[debug] [2021-03-20T01:21:20.439Z] <<< [apiv2][body] GET https://firebase.googleapis.com/v1beta1/projects/memer-dev {"projectId":"memer-dev","projectNumber":"244867986651","displayName":"MEMER-DEV","name":"projects/memer-dev","resources":{"hostingSite":"memer-dev","realtimeDatabaseInstance":"memer-dev","storageBucket":"memer-dev.appspot.com","locationId":"us-central"},"state":"ACTIVE"}
[debug] [2021-03-20T01:21:20.439Z] database rules config:  [{"instance":"memer-dev","rules":"/Users/adamsheaffer/Documents/Github/Memer-2/database.rules.json"}]
[debug] [2021-03-20T01:21:20.440Z] Ignoring unsupported arg: projectId {"metadata":{"emulator":{"name":"database"},"message":"Ignoring unsupported arg: projectId"}}
[debug] [2021-03-20T01:21:20.440Z] Ignoring unsupported arg: auto_download {"metadata":{"emulator":{"name":"database"},"message":"Ignoring unsupported arg: auto_download"}}
[debug] [2021-03-20T01:21:20.440Z] Ignoring unsupported arg: rules {"metadata":{"emulator":{"name":"database"},"message":"Ignoring unsupported arg: rules"}}
[debug] [2021-03-20T01:21:20.441Z] Starting Database Emulator with command {"binary":"java","args":["-Duser.language=en","-jar","/Users/adamsheaffer/.cache/firebase/emulators/firebase-database-emulator-v4.7.2.jar","--host","localhost","--port",9000,"--functions_emulator_host","localhost","--functions_emulator_port",5001],"optionalArgs":["port","host","functions_emulator_port","functions_emulator_host"],"joinArgs":false} {"metadata":{"emulator":{"name":"database"},"message":"Starting Database Emulator with command {\"binary\":\"java\",\"args\":[\"-Duser.language=en\",\"-jar\",\"/Users/adamsheaffer/.cache/firebase/emulators/firebase-database-emulator-v4.7.2.jar\",\"--host\",\"localhost\",\"--port\",9000,\"--functions_emulator_host\",\"localhost\",\"--functions_emulator_port\",5001],\"optionalArgs\":[\"port\",\"host\",\"functions_emulator_port\",\"functions_emulator_host\"],\"joinArgs\":false}"}}
[info] i  database: Database Emulator logging to database-debug.log {"metadata":{"emulator":{"name":"database"},"message":"Database Emulator logging to \u001b[1mdatabase-debug.log\u001b[22m"}}
[debug] [2021-03-20T01:21:21.559Z] 20:21:21.558 [NamespaceSystem-akka.actor.default-dispatcher-4] INFO akka.event.slf4j.Slf4jLogger - Slf4jLogger started
 {"metadata":{"emulator":{"name":"database"},"message":"20:21:21.558 [NamespaceSystem-akka.actor.default-dispatcher-4] INFO akka.event.slf4j.Slf4jLogger - Slf4jLogger started\n"}}
[debug] [2021-03-20T01:21:21.718Z] 20:21:21.718 [main] INFO com.firebase.server.forge.App$ - Listening at localhost:9000
 {"metadata":{"emulator":{"name":"database"},"message":"20:21:21.718 [main] INFO com.firebase.server.forge.App$ - Listening at localhost:9000\n"}}
[debug] [2021-03-20T01:21:23.904Z] >>> [apiv2][query] GET https://firebase.googleapis.com/v1beta1/projects/memer-dev/webApps/-/config [none]
[debug] [2021-03-20T01:21:24.264Z] <<< [apiv2][status] GET https://firebase.googleapis.com/v1beta1/projects/memer-dev/webApps/-/config 200
[debug] [2021-03-20T01:21:24.264Z] <<< [apiv2][body] GET https://firebase.googleapis.com/v1beta1/projects/memer-dev/webApps/-/config {"projectId":"memer-dev","appId":"1:244867986651:web:60fd2b061f6b56fe5808fe","databaseURL":"https://memer-dev.firebaseio.com","storageBucket":"memer-dev.appspot.com","locationId":"us-central","apiKey":"AIzaSyB1buj-gDMzkm-v5FyAphBtJNwCM--xFck","authDomain":"memer-dev.firebaseapp.com","messagingSenderId":"244867986651"}
[info] i  hosting: Serving hosting files from: dist {"metadata":{"emulator":{"name":"hosting"},"message":"Serving hosting files from: \u001b[1mdist\u001b[22m"}}
[info] ✔  hosting: Local server: http://localhost:5000 {"metadata":{"emulator":{"name":"hosting"},"message":"Local server: \u001b[4m\u001b[1mhttp://localhost:5000\u001b[22m\u001b[24m"}}
[debug] [2021-03-20T01:21:24.315Z] Ignoring unsupported arg: auto_download {"metadata":{"emulator":{"name":"ui"},"message":"Ignoring unsupported arg: auto_download"}}
[debug] [2021-03-20T01:21:24.316Z] Ignoring unsupported arg: port {"metadata":{"emulator":{"name":"ui"},"message":"Ignoring unsupported arg: port"}}
[debug] [2021-03-20T01:21:24.316Z] Starting Emulator UI with command {"binary":"node","args":["/Users/adamsheaffer/.cache/firebase/emulators/ui-v1.4.2/server.bundle.js"],"optionalArgs":[],"joinArgs":false} {"metadata":{"emulator":{"name":"ui"},"message":"Starting Emulator UI with command {\"binary\":\"node\",\"args\":[\"/Users/adamsheaffer/.cache/firebase/emulators/ui-v1.4.2/server.bundle.js\"],\"optionalArgs\":[],\"joinArgs\":false}"}}
[info] i  ui: Emulator UI logging to ui-debug.log {"metadata":{"emulator":{"name":"ui"},"message":"Emulator UI logging to \u001b[1mui-debug.log\u001b[22m"}}
[debug] [2021-03-20T01:21:24.414Z] Web / API server started at http://localhost:4000
 {"metadata":{"emulator":{"name":"ui"},"message":"Web / API server started at http://localhost:4000\n"}}
[info] i  functions: Watching "/Users/adamsheaffer/Documents/Github/Memer-2/functions" for Cloud Functions... {"metadata":{"emulator":{"name":"functions"},"message":"Watching \"/Users/adamsheaffer/Documents/Github/Memer-2/functions\" for Cloud Functions..."}}
[debug] [2021-03-20T01:21:24.601Z] [worker-pool] addWorker(~diagnostic~) {"metadata":{"emulator":{"name":"functions"},"message":"[worker-pool] addWorker(~diagnostic~)"}}
[debug] [2021-03-20T01:21:24.601Z] [worker-pool] Adding worker with key ~diagnostic~, total=1 {"metadata":{"emulator":{"name":"functions"},"message":"[worker-pool] Adding worker with key ~diagnostic~, total=1"}}
[debug] [2021-03-20T01:21:24.602Z] [worker-pool] submitWork(triggerId=) {"metadata":{"emulator":{"name":"functions"},"message":"[worker-pool] submitWork(triggerId=)"}}
[debug] [2021-03-20T01:21:24.602Z] [worker-~diagnostic~-a77cc6c7-536d-4ef0-8065-6d055d173018]: Assigning socketPath: /var/folders/dx/mf8bbwr930s_ypf2lk6b_mkc0000gn/T/fire_emu_63018.sock {"metadata":{"emulator":{"name":"functions"},"message":"[worker-~diagnostic~-a77cc6c7-536d-4ef0-8065-6d055d173018]: Assigning socketPath: /var/folders/dx/mf8bbwr930s_ypf2lk6b_mkc0000gn/T/fire_emu_63018.sock"}}
[debug] [2021-03-20T01:21:24.602Z] [worker-~diagnostic~-a77cc6c7-536d-4ef0-8065-6d055d173018]: BUSY {"metadata":{"emulator":{"name":"functions"},"message":"[worker-~diagnostic~-a77cc6c7-536d-4ef0-8065-6d055d173018]: BUSY"}}
[debug] [2021-03-20T01:21:24.713Z] [runtime-status] [63018] Functions runtime initialized. {"cwd":"/Users/adamsheaffer/Documents/Github/Memer-2/functions","node_version":"14.16.0"} {"metadata":{"emulator":{"name":"functions"},"message":"[runtime-status] [63018] Functions runtime initialized. {\"cwd\":\"/Users/adamsheaffer/Documents/Github/Memer-2/functions\",\"node_version\":\"14.16.0\"}"}}
[debug] [2021-03-20T01:21:24.714Z] [runtime-status] [63018] Disabled runtime features: undefined {"metadata":{"emulator":{"name":"functions"},"message":"[runtime-status] [63018] Disabled runtime features: undefined"}}
[debug] [2021-03-20T01:21:24.715Z] [runtime-status] [63018] Resolved module firebase-admin {"declared":true,"installed":true,"version":"9.5.0","resolution":"/Users/adamsheaffer/Documents/Github/Memer-2/functions/node_modules/firebase-admin/lib/index.js"} {"metadata":{"emulator":{"name":"functions"},"message":"[runtime-status] [63018] Resolved module firebase-admin {\"declared\":true,\"installed\":true,\"version\":\"9.5.0\",\"resolution\":\"/Users/adamsheaffer/Documents/Github/Memer-2/functions/node_modules/firebase-admin/lib/index.js\"}"}}
[debug] [2021-03-20T01:21:24.715Z] [runtime-status] [63018] Resolved module firebase-functions {"declared":true,"installed":true,"version":"3.13.2","resolution":"/Users/adamsheaffer/Documents/Github/Memer-2/functions/node_modules/firebase-functions/lib/index.js"} {"metadata":{"emulator":{"name":"functions"},"message":"[runtime-status] [63018] Resolved module firebase-functions {\"declared\":true,\"installed\":true,\"version\":\"3.13.2\",\"resolution\":\"/Users/adamsheaffer/Documents/Github/Memer-2/functions/node_modules/firebase-functions/lib/index.js\"}"}}
[debug] [2021-03-20T01:21:24.717Z] [runtime-status] [63018] Resolved module firebase-functions {"declared":true,"installed":true,"version":"3.13.2","resolution":"/Users/adamsheaffer/Documents/Github/Memer-2/functions/node_modules/firebase-functions/lib/index.js"} {"metadata":{"emulator":{"name":"functions"},"message":"[runtime-status] [63018] Resolved module firebase-functions {\"declared\":true,\"installed\":true,\"version\":\"3.13.2\",\"resolution\":\"/Users/adamsheaffer/Documents/Github/Memer-2/functions/node_modules/firebase-functions/lib/index.js\"}"}}
[debug] [2021-03-20T01:21:24.719Z] [runtime-status] [63018] Outgoing network have been stubbed. [{"name":"http","status":"mocked"},{"name":"http","status":"mocked"},{"name":"https","status":"mocked"},{"name":"https","status":"mocked"},{"name":"net","status":"mocked"}] {"metadata":{"emulator":{"name":"functions"},"message":"[runtime-status] [63018] Outgoing network have been stubbed. [{\"name\":\"http\",\"status\":\"mocked\"},{\"name\":\"http\",\"status\":\"mocked\"},{\"name\":\"https\",\"status\":\"mocked\"},{\"name\":\"https\",\"status\":\"mocked\"},{\"name\":\"net\",\"status\":\"mocked\"}]"}}
[debug] [2021-03-20T01:21:24.719Z] [runtime-status] [63018] Resolved module firebase-functions {"declared":true,"installed":true,"version":"3.13.2","resolution":"/Users/adamsheaffer/Documents/Github/Memer-2/functions/node_modules/firebase-functions/lib/index.js"} {"metadata":{"emulator":{"name":"functions"},"message":"[runtime-status] [63018] Resolved module firebase-functions {\"declared\":true,\"installed\":true,\"version\":\"3.13.2\",\"resolution\":\"/Users/adamsheaffer/Documents/Github/Memer-2/functions/node_modules/firebase-functions/lib/index.js\"}"}}
[debug] [2021-03-20T01:21:24.777Z] [runtime-status] [63018] Checked functions.config() {"config":{}} {"metadata":{"emulator":{"name":"functions"},"message":"[runtime-status] [63018] Checked functions.config() {\"config\":{}}"}}
[debug] [2021-03-20T01:21:24.777Z] [runtime-status] [63018] firebase-functions has been stubbed. {"functionsResolution":{"declared":true,"installed":true,"version":"3.13.2","resolution":"/Users/adamsheaffer/Documents/Github/Memer-2/functions/node_modules/firebase-functions/lib/index.js"}} {"metadata":{"emulator":{"name":"functions"},"message":"[runtime-status] [63018] firebase-functions has been stubbed. {\"functionsResolution\":{\"declared\":true,\"installed\":true,\"version\":\"3.13.2\",\"resolution\":\"/Users/adamsheaffer/Documents/Github/Memer-2/functions/node_modules/firebase-functions/lib/index.js\"}}"}}
[debug] [2021-03-20T01:21:24.777Z] [runtime-status] [63018] Resolved module firebase-functions {"declared":true,"installed":true,"version":"3.13.2","resolution":"/Users/adamsheaffer/Documents/Github/Memer-2/functions/node_modules/firebase-functions/lib/index.js"} {"metadata":{"emulator":{"name":"functions"},"message":"[runtime-status] [63018] Resolved module firebase-functions {\"declared\":true,\"installed\":true,\"version\":\"3.13.2\",\"resolution\":\"/Users/adamsheaffer/Documents/Github/Memer-2/functions/node_modules/firebase-functions/lib/index.js\"}"}}
[debug] [2021-03-20T01:21:24.778Z] [runtime-status] [63018] Resolved module firebase-admin {"declared":true,"installed":true,"version":"9.5.0","resolution":"/Users/adamsheaffer/Documents/Github/Memer-2/functions/node_modules/firebase-admin/lib/index.js"} {"metadata":{"emulator":{"name":"functions"},"message":"[runtime-status] [63018] Resolved module firebase-admin {\"declared\":true,\"installed\":true,\"version\":\"9.5.0\",\"resolution\":\"/Users/adamsheaffer/Documents/Github/Memer-2/functions/node_modules/firebase-admin/lib/index.js\"}"}}
[debug] [2021-03-20T01:21:24.778Z] [runtime-status] [63018] Resolved module firebase-functions {"declared":true,"installed":true,"version":"3.13.2","resolution":"/Users/adamsheaffer/Documents/Github/Memer-2/functions/node_modules/firebase-functions/lib/index.js"} {"metadata":{"emulator":{"name":"functions"},"message":"[runtime-status] [63018] Resolved module firebase-functions {\"declared\":true,\"installed\":true,\"version\":\"3.13.2\",\"resolution\":\"/Users/adamsheaffer/Documents/Github/Memer-2/functions/node_modules/firebase-functions/lib/index.js\"}"}}
[debug] [2021-03-20T01:21:24.778Z] [runtime-status] [63018] firebase-admin has been stubbed. {"adminResolution":{"declared":true,"installed":true,"version":"9.5.0","resolution":"/Users/adamsheaffer/Documents/Github/Memer-2/functions/node_modules/firebase-admin/lib/index.js"}} {"metadata":{"emulator":{"name":"functions"},"message":"[runtime-status] [63018] firebase-admin has been stubbed. {\"adminResolution\":{\"declared\":true,\"installed\":true,\"version\":\"9.5.0\",\"resolution\":\"/Users/adamsheaffer/Documents/Github/Memer-2/functions/node_modules/firebase-admin/lib/index.js\"}}"}}
[info] ✔  functions[helloWorld]: http function initialized (http://localhost:5001/memer-dev/us-central1/helloWorld). {"metadata":{"emulator":{"name":"functions"},"message":"\u001b[1mhttp\u001b[22m function initialized (http://localhost:5001/memer-dev/us-central1/helloWorld)."}}
[debug] [2021-03-20T01:21:24.782Z] >>> HTTP REQUEST PUT http://localhost:9000/.settings/rules.json?ns=memer-dev  
 {
  "rules": {
    "playersOnline": {
      ".read": true,
      ".write": false
    },
    "status": {
      "$uid": {
        ".read": "auth.uid == $uid",
        ".write": "auth.uid == $uid"
      }
    }
  }
}

[debug] [2021-03-20T01:21:24.785Z] [worker-~diagnostic~-a77cc6c7-536d-4ef0-8065-6d055d173018]: IDLE {"metadata":{"emulator":{"name":"functions"},"message":"[worker-~diagnostic~-a77cc6c7-536d-4ef0-8065-6d055d173018]: IDLE"}}
[debug] [2021-03-20T01:21:25.090Z] <<< HTTP RESPONSE 200 {"content-length":"15","content-type":"application/json; charset=utf-8","access-control-allow-origin":"*","cache-control":"no-cache","x-firebase-project-id":"memer-dev","x-firebase-project-number":"123456789","x-firebase-uuid":"60b629c7-d6ff-4d39-8ae6-6bbc7696ae68"}
[info] 
┌─────────────────────────────────────────────────────────────┐
│ ✔  All emulators ready! It is now safe to connect your app. │
│ i  View Emulator UI at http://localhost:4000                │
└─────────────────────────────────────────────────────────────┘

┌────────────────┬────────────────┬─────────────────────────────────┐
│ Emulator       │ Host:Port      │ View in Emulator UI             │
├────────────────┼────────────────┼─────────────────────────────────┤
│ Authentication │ localhost:9099 │ http://localhost:4000/auth      │
├────────────────┼────────────────┼─────────────────────────────────┤
│ Functions      │ localhost:5001 │ http://localhost:4000/functions │
├────────────────┼────────────────┼─────────────────────────────────┤
│ Firestore      │ localhost:8000 │ http://localhost:4000/firestore │
├────────────────┼────────────────┼─────────────────────────────────┤
│ Database       │ localhost:9000 │ http://localhost:4000/database  │
├────────────────┼────────────────┼─────────────────────────────────┤
│ Hosting        │ localhost:5000 │ n/a                             │
└────────────────┴────────────────┴─────────────────────────────────┘
  Emulator Hub running at localhost:4400
  Other reserved ports: 4500

Issues? Report them at https://github.com/firebase/firebase-tools/issues and attach the *-debug.log files.
 
